<?xml version="1.0" encoding="utf-8"?><testsuites name="pytest tests"><testsuite name="pytest" errors="0" failures="0" skipped="0" tests="17" time="46.981" timestamp="2026-04-22T07:32:25.843325+00:00" hostname="agent-env-6bdb418b-05a8-43ef-b831-99a9824e297a"><testcase classname="backend.tests.test_mockify_api" name="test_root" time="0.234" /><testcase classname="backend.tests.test_mockify_api" name="test_cors_headers" time="0.069" /><testcase classname="backend.tests.test_mockify_api" name="test_start_interview_all_types[technical]" time="2.921" /><testcase classname="backend.tests.test_mockify_api" name="test_start_interview_all_types[behavioral]" time="6.352" /><testcase classname="backend.tests.test_mockify_api" name="test_start_interview_all_types[system_design]" time="3.346" /><testcase classname="backend.tests.test_mockify_api" name="test_start_interview_all_types[product_management]" time="3.869" /><testcase classname="backend.tests.test_mockify_api" name="test_start_num_questions_clamped_to_8" time="5.104" /><testcase classname="backend.tests.test_mockify_api" name="test_start_rejects_invalid_type" time="0.066" /><testcase classname="backend.tests.test_mockify_api" name="test_get_session_by_id" time="0.062" /><testcase classname="backend.tests.test_mockify_api" name="test_get_session_unknown_id" time="0.064" /><testcase classname="backend.tests.test_mockify_api" name="test_submit_answer_flow" time="0.255" /><testcase classname="backend.tests.test_mockify_api" name="test_submit_answer_unknown_session" time="0.063" /><testcase classname="backend.tests.test_mockify_api" name="test_generate_feedback" time="22.906" /><testcase classname="backend.tests.test_mockify_api" name="test_feedback_unknown_session" time="0.065" /><testcase classname="backend.tests.test_mockify_api" name="test_list_sessions" time="0.070" /><testcase classname="backend.tests.test_mockify_api" name="test_transcribe_audio" time="1.286" /><testcase classname="backend.tests.test_mockify_api" name="test_transcribe_empty_audio" time="0.149" /></testsuite></testsuites>